<?xml version="1.0" encoding="UTF-8"?>
<!-- Generated by org.testng.reporters.JUnitReportReporter -->
<testsuite hostname="User" failures="0" tests="1" name="com.betsson.FE.runner.MainRunner" time="6.878" errors="0" timestamp="17 Feb 2019 13:21:09 GMT">
  <testcase classname="com.betsson.FE.runner.MainRunner" name="feature" time="6.878"/>
</testsuite> <!-- com.betsson.FE.runner.MainRunner -->
